Arguments: 
  /data/data/com.termux/files/usr/bin/node /data/data/com.termux/files/usr/bin/yarn publish

PATH: 
  /data/data/com.termux/files/home/.cargo/bin:/data/data/com.termux/files/usr/bin

Yarn version: 
  1.22.17

Node version: 
  16.13.2

Platform: 
  android arm

Trace: 
  Error: canceled
      at Interface.<anonymous> (/data/data/com.termux/files/usr/lib/node_modules/yarn/lib/cli.js:137143:13)
      at Interface.emit (node:events:390:28)
      at Interface._ttyWrite (node:readline:1081:16)
      at ReadStream.onkeypress (node:readline:288:10)
      at ReadStream.emit (node:events:390:28)
      at emitKeys (node:internal/readline/utils:358:14)
      at emitKeys.next (<anonymous>)
      at ReadStream.onData (node:internal/readline/emitKeypressEvents:61:36)
      at ReadStream.emit (node:events:390:28)
      at addChunk (node:internal/streams/readable:315:12)

npm manifest: 
  {
    "name": "yt-thumbnail-viewer",
    "version": "0.0.4",
    "description": "You Can Download Youtube Thumbnails Useing This Package",
    "main": "src/index.js",
    "repository": "https://github.com/ItzNesbroDev/thumbnail-viewer",
    "author": "ItzNesbro",
    "license": "MIT",
    "dependencies": {
      "get-youtube-id": "^1.0.1"
    }
  }

yarn manifest: 
  No manifest

Lockfile: 
  # THIS IS AN AUTOGENERATED FILE. DO NOT EDIT THIS FILE DIRECTLY.
  # yarn lockfile v1
  
  
  get-youtube-id@^1.0.1:
    version "1.0.1"
    resolved "https://registry.yarnpkg.com/get-youtube-id/-/get-youtube-id-1.0.1.tgz#adb6f475e292d98f98ed5bfb530887656193e157"
    integrity sha512-5yidLzoLXbtw82a/Wb7LrajkGn29BM6JuLWeHyNfzOGp1weGyW4+7eMz6cP23+etqj27VlOFtq8fFFDMLq/FXQ==
